C51 COMPILER V9.53.0.0   LED                                                               09/19/2016 16:10:28 PAGE 1   


C51 COMPILER V9.53.0.0, COMPILATION OF MODULE LED
OBJECT MODULE PLACED IN .\out\led.obj
COMPILER INVOKED BY: D:\Keil_v5\C51\BIN\C51.EXE src\led.c LARGE OPTIMIZE(8,SPEED) BROWSE INCDIR(.\inc) DEBUG OBJECTEXTEN
                    -D PRINT(.\list\led.lst) OBJECT(.\out\led.obj)

line level    source

   1          //旋转主板的LED驱动程序
   2          
   3          #include "includes.h"
   4          
   5          
   6          
   7          
   8          //D1-D8分别连接在P2.0 - P2.7
   9          //D9-D16 由595控制 OEA -P34 RCLA -P43 SCLA -P31 SDAA -P30
  10          //D17-D24由595控制 OEB -P14 RCLB -P15 SCLB -P17 SDAB -P16
  11          //D25-D32由595控制 OEC -P10 RCLC -P11 SCLC -P13 SDAC -P12
  12          /*
  13          void led_Init(void)
  14          {
  15                  //P2默认为传统准双向IO
  16          //      P2M1 = 0x00;
  17          //      P2M0 = 0x00;
  18                  
  19          }
  20          */
  21          
  22          //发送数据给595，控制D9-D16
  23          #ifdef UART_IN_USE
              void LED_SendDataA(unsigned char temp)
              {
                      unsigned char k;
                      
              //      STRA = 0;
              
                      for(k = 0; k < 8;k++)
                      {
                              SCKA = 0;       //时钟上升沿移位
              #ifdef SEND_DATA_MSB
                              SDAA = (bit)(temp & 0x80);      //通过IO口送最高位数据
                              temp <<= 1;                                     //temp左移一位，准备送下一个字节
              #else
                              SDAA = (bit)(temp & 0x01);      //通过IO口送最低位数据
                              temp >>= 1;                                     //temp右移一位，准备送下一个字节
              #endif          
                              
                              SCKA = 1;
                      }
                      STRA = 1;                       //上升沿锁存
                      STRA = 0;                       //下降沿保持
              //      OEA = 0;                //595使能
              }
              #else
  48          
  49          //通过串口1的方式0发送数据给595
  50          //LSB
  51          void LED_SendDataA(unsigned char temp)
  52          {
  53   1      //      SBUF = temp;            //发送数据
  54   1      //      while(!TI);                     //等待发送完成
C51 COMPILER V9.53.0.0   LED                                                               09/19/2016 16:10:28 PAGE 2   

  55   1      //      TI = 0;
  56   1              UART_SendByte(temp);
  57   1              STRA = 1;                       //上升沿锁存
  58   1              STRA = 0;       
  59   1      //      OEA = 0;                        //595输出使能
  60   1      }
  61          
  62          #endif
  63          
  64          
  65          
  66          //发送数据给595,控制D17-D24
  67          void LED_SendDataB(unsigned char temp)
  68          {
  69   1              unsigned char k;
  70   1              
  71   1      //      STRB = 0;               
  72   1              //一个字节8位，发送给595
  73   1              for(k = 0; k < 8; k++)
  74   1              {
  75   2                      SCKB = 0;               //上升沿移位
  76   2                      
  77   2      #ifdef SEND_DATA_MSB            
                              SDAB = (bit)(temp & 0x80);      //通过IO口送最高位数据
                              temp <<= 1;                                     //temp左移一位，准备送下一个字节
              #else
  81   2                      SDAB = (bit)(temp & 0x01);      //通过IO口送最低位
  82   2                      temp >>= 1;                                     //temp右移一位，准备送下一个字节
  83   2      #endif
  84   2                      
  85   2                      SCKB = 1;
  86   2              }
  87   1              STRB = 1;                       //上升沿锁存
  88   1              STRB = 0;                       //下降沿保持
  89   1      //      OEB = 0;                        //595使能
  90   1      }
  91          
  92          //发送数据给595,控制D25-D32
  93          void LED_SendDataC(unsigned char temp)
  94          {
  95   1              unsigned char k;
  96   1              
  97   1      //      STRC = 0;               
  98   1              //一个字节8位，发送给595
  99   1              for(k = 0; k < 8; k++)
 100   1              {
 101   2                      SCKC = 0;               //上升沿移位
 102   2                      
 103   2      #ifdef SEND_DATA_MSB            
                              SDAC = (bit)(temp & 0x80);      //通过IO口送最高位数据
                              temp <<= 1;                                     //temp左移一位，准备送下一个字节
              #else
 107   2                      SDAC = (bit)(temp & 0x01);      //通过IO口送最低位
 108   2                      temp >>= 1;                                     //temp右移一位，准备送下一个字节
 109   2      #endif
 110   2                      
 111   2                      SCKC = 1;
 112   2                      
 113   2              }
 114   1              STRC = 1;                       //上升沿锁存
 115   1              STRC = 0;                       //下降沿保持
 116   1      //      OEC = 0;                        //595使能
C51 COMPILER V9.53.0.0   LED                                                               09/19/2016 16:10:28 PAGE 3   

 117   1      }
 118          
 119          //将一个字节的高低位互换
 120          unsigned char RollingChar(unsigned char temp)
 121          {
 122   1              unsigned char ptemp = 0,k = 0;
 123   1              
 124   1              for(k = 0; k < 8; k++)
 125   1              {
 126   2                      ptemp <<= 1;    //ptemp左移一位
 127   2                      //判断temp的最低位
 128   2                      if(temp & 0x01)
 129   2                      {
 130   3                              ptemp |= 0x01;
 131   3                      }
 132   2                      
 133   2                      temp >>= 1;             //temp右移一位，判断下一位
 134   2              }
 135   1              return ptemp;
 136   1      }
 137          
 138          
 139          //发送数据到P2,直接控制LED1-LED8
 140          void LED_SendDataP(unsigned char temp)
 141          {
 142   1      #ifndef SEND_DATA_MSB
 143   1              //如果是没有定义高位在先，就翻转，与595保持一直
 144   1              temp = RollingChar(temp);
 145   1      #endif
 146   1              P2 = temp;
 147   1      }
 148          
 149          //LED流水灯程序，测试焊接是否正常
 150          //@time 流水灯延时时间 MS
 151          void LED_Test(unsigned int time)
 152          {
 153   1              unsigned char temp = 0xFE;
 154   1              unsigned char i = 0;
 155   1              
 156   1              while(1)
 157   1              {
 158   2                      for(i = 0; i < 8; i++)
 159   2                      {
 160   3                              LED_SendDataP(temp);
 161   3                              temp = _crol_(temp,1);  //temp循环左移一位
 162   3                              delayNms(time);
 163   3                      }
 164   2                      LED_SendDataP(0xFF);
 165   2                      
 166   2                      for(i = 0; i < 8; i++)
 167   2                      {
 168   3                              LED_SendDataA(temp);
 169   3                              temp = _crol_(temp,1);
 170   3                              OEA = 0;
 171   3                              delayNms(time);
 172   3                              OEA = 1;
 173   3                      }
 174   2                      for(i = 0; i < 8; i++)
 175   2                      {
 176   3                              LED_SendDataB(temp);
 177   3                              temp = _crol_(temp,1);
 178   3                              OEB = 0;
C51 COMPILER V9.53.0.0   LED                                                               09/19/2016 16:10:28 PAGE 4   

 179   3                              delayNms(time);
 180   3                              OEB = 1;
 181   3                      }
 182   2                      for(i = 0; i < 8; i++)
 183   2                      {
 184   3                              LED_SendDataC(temp);
 185   3                              temp = _crol_(temp,1);
 186   3                              OEC = 0;
 187   3                              delayNms(time);
 188   3                              OEC = 1;
 189   3                      }
 190   2              }
 191   1      }
 192          
 193          /*
 194          //效果：D1-D8依次亮，D8-D1依次亮
 195          void ledrun(void)
 196          {               
 197                  char i = 0;
 198                  unsigned char temp = 0x01;
 199                  
 200                  while(1)
 201                  {
 202                          temp = 0x01;
 203                          for(i = 0; i < 8;i++)
 204                          {
 205                                  P2 = ~temp;
 206                                  temp <<= 1;
 207                                  delayNms(500);
 208                          }
 209                          temp = 0x80;
 210                          for(i = 8; i > 0;i--)
 211                          {
 212                                  P2 = ~temp;
 213                                  temp >>= 1;
 214                                  delayNms(500);
 215                          }
 216                  }       
 217          }
 218          */


MODULE INFORMATION:   STATIC OVERLAYABLE
   CODE SIZE        =    332    ----
   CONSTANT SIZE    =   ----    ----
   XDATA SIZE       =   ----       4
   PDATA SIZE       =   ----    ----
   DATA SIZE        =   ----    ----
   IDATA SIZE       =   ----    ----
   BIT SIZE         =   ----    ----
END OF MODULE INFORMATION.


C51 COMPILATION COMPLETE.  0 WARNING(S),  0 ERROR(S)
