C51 COMPILER V9.53.0.0   TASK                                                              09/20/2016 17:30:36 PAGE 1   


C51 COMPILER V9.53.0.0, COMPILATION OF MODULE TASK
OBJECT MODULE PLACED IN .\out\task.obj
COMPILER INVOKED BY: D:\Keil_v5\C51\BIN\C51.EXE src\task.c LARGE OPTIMIZE(8,SPEED) BROWSE INCDIR(.\inc) DEBUG OBJECTEXTE
                    -ND PRINT(.\list\task.lst) OBJECT(.\out\task.obj)

line level    source

   1          
   2          #include "includes.h"
   3          
   4          
   5          


MODULE INFORMATION:   STATIC OVERLAYABLE
   CODE SIZE        =   ----    ----
   CONSTANT SIZE    =   ----    ----
   XDATA SIZE       =   ----    ----
   PDATA SIZE       =   ----    ----
   DATA SIZE        =   ----    ----
   IDATA SIZE       =   ----    ----
   BIT SIZE         =   ----    ----
END OF MODULE INFORMATION.


C51 COMPILATION COMPLETE.  0 WARNING(S),  0 ERROR(S)
