C51 COMPILER V9.53.0.0   TEXT                                                              09/20/2016 17:30:36 PAGE 1   


C51 COMPILER V9.53.0.0, COMPILATION OF MODULE TEXT
OBJECT MODULE PLACED IN .\out\text.obj
COMPILER INVOKED BY: D:\Keil_v5\C51\BIN\C51.EXE src\text.c LARGE OPTIMIZE(8,SPEED) BROWSE INCDIR(.\inc) DEBUG OBJECTEXTE
                    -ND PRINT(.\list\text.lst) OBJECT(.\out\text.obj)

line level    source

   1          //测试旋转功能
   2          //采用中断的方法 消除盲点
   3          #include "includes.h"
   4          
   5          bit BIT_timeout=0;      
   6          
   7          //PCtoLCD2002 阳码 顺向 逐列式 点阵16
   8          
   9          unsigned char code love[] = {
  10          
  11          0xFB,0xFF,0xDB,0xEF,0xDB,0xED,0xDB,0xDE,0x80,0x01,0x3B,0xBF,0xBB,0x7D,0xFB,0xFD,
  12          0xFB,0xFB,0x00,0x37,0xFB,0xCF,0xBB,0xD7,0xCB,0xBB,0xFA,0x7D,0xFB,0xE0,0xFF,0xFF,/*"?",0*/
  13          
  14          0xFE,0xFF,0xD9,0x7D,0xCB,0x7B,0xD3,0x76,0xDB,0x6E,0xDB,0x1E,0xC8,0x4D,0xB3,0x55,
  15          0xBB,0x5B,0xBB,0x5B,0xB3,0x55,0x8B,0x4D,0x3B,0x7E,0xBA,0xFE,0xF9,0xFE,0xFF,0xFF,/*"?",1*/
  16          
  17          0xFF,0x7F,0xFE,0xFF,0xF9,0xFF,0xE0,0x00,0x1F,0xFF,0xFD,0xF7,0xFB,0xCF,0xE7,0x3F,
  18          0x0F,0xFD,0xEF,0xFE,0xEC,0x01,0xEF,0xFF,0xEF,0x7F,0xEB,0x9F,0xE7,0xE7,0xFF,0xFF,/*"?",2*/
  19          
  20          0xDF,0xF7,0xD8,0x2D,0x5B,0xBE,0x9B,0x81,0xDB,0xBF,0xD8,0x2F,0xDF,0xF6,0xFB,0xF9,
  21          0xFB,0xC7,0x00,0x3F,0xFB,0xFF,0xB8,0x03,0xCB,0xFD,0xFB,0xFD,0xFB,0xF1,0xFF,0xFF,/*"?",3*/
  22          
  23          0xF7,0xFD,0xF7,0xBB,0xF0,0x57,0x07,0xEF,0xF7,0x97,0xF0,0x79,0xFF,0xFF,0xFE,0xFF,
  24          0xBE,0xFD,0xBE,0xFE,0xB8,0x01,0xB6,0xFF,0xAE,0xFF,0x9E,0xFF,0xFE,0xFF,0xFF,0xFF,/*"?",4*/
  25          
  26          0xFF,0x7F,0xFE,0xFF,0xF9,0xFF,0xE0,0x00,0x17,0xFF,0xEF,0xAD,0xC1,0xAD,0x2D,0x5B,
  27          0xAC,0xB5,0xA9,0x6E,0xA5,0x81,0x8D,0xDF,0xED,0xA7,0xE1,0x7B,0xFF,0xFD,0xFF,0xFF,/*"?",5*/
  28          
  29          0xFF,0x7F,0xFE,0xFF,0xF9,0xFF,0xE0,0x00,0x1F,0xFF,0xFD,0xF7,0xFB,0xCF,0xE7,0x3F,
  30          0x0F,0xFD,0xEF,0xFE,0xEC,0x01,0xEF,0xFF,0xEF,0x7F,0xEB,0x9F,0xE7,0xE7,0xFF,0xFF,/*"?",6*/
  31          
  32          0xFF,0xFE,0xFF,0xFD,0xFF,0xF3,0xFF,0x8F,0x00,0x7F,0xFF,0xBE,0xFF,0xCD,0xFF,0xFB,
  33          0xFF,0xE7,0xFF,0x1F,0x00,0xFF,0xFF,0x1F,0xFF,0xE7,0xFF,0xF9,0xFF,0xFE,0xFF,0xFF,/*"?",7*/
  34          
  35          0xFE,0xFB,0xFE,0xFB,0xEE,0xF7,0xEE,0xEF,0xEE,0xDF,0xEE,0xBF,0xEE,0x7F,0x00,0x00,
  36          0xEE,0x7F,0xEE,0xBF,0xEE,0xDF,0xEE,0xEF,0xEE,0xF7,0xFE,0xFB,0xFE,0xFB,0xFF,0xFF,/*"?",8*/
  37          
  38          0xFD,0xFF,0xFD,0xFE,0xBD,0xFD,0xCC,0x03,0xFF,0xFD,0xFB,0xFA,0xBB,0xE6,0xB8,0x1E,
  39          0xBB,0xFE,0xBB,0xFE,0xB8,0x06,0xBB,0xFA,0xBB,0xFA,0xFB,0xC2,0xFF,0xFE,0xFF,0xFF,/*"?",9*/
  40          
  41          0xDF,0xFF,0xDF,0x80,0xDF,0xBF,0xD0,0xBF,0xDE,0xB7,0xD4,0xA3,0x5A,0x97,0x9A,0x37,
  42          0xDA,0xB7,0xD4,0xA7,0xDE,0xB3,0xD0,0xBD,0xDF,0xBE,0xDF,0x81,0xDF,0xFF,0xFF,0xFF,/*"?",10*/
  43          
  44          };
  45          
  46          
  47          
  48          
  49          /*********延时子程序**********/
  50          static void delay(unsigned char n)      //每列显示的时间
  51          {
  52   1              unsigned char a,b;
  53   1              for(;n>0;n--)
  54   1              {       
C51 COMPILER V9.53.0.0   TEXT                                                              09/20/2016 17:30:36 PAGE 2   

  55   2                      for(b=165;b>0;b--)
  56   2              for(a=4;a>0;a--);
  57   2              }
  58   1      }
  59          
  60          //外部中断0的中断服务函数  P32 对应红外起点检测信号
  61          void INT0_Server(void) interrupt 0
  62          {
  63   1              BIT_timeout = 1;                //每一圈的起点标志位
  64   1      }
  65          
  66          
  67          void LED_GO(void)
  68          {
  69   1              unsigned int i = 0,j = 0;
  70   1              P2 = 0xFF;
  71   1              
  72   1              while(1)
  73   1              {
  74   2                      if(BIT_timeout)         //起点判断
  75   2                      {
  76   3                              BIT_timeout = 0;
  77   3                              
  78   3                              if(++j > 800)                   //定义显示的字数为 800 / 16 = 50
  79   3                              {
  80   4                                      j = 0;                  //显示完80个字后重新开始显示
  81   4                              }
  82   3                              
  83   3                              for(i = j;i < 160 + j; i++)     //平面显示一列 160/16=10 一个圆同时显示10个字
  84   3                              {
  85   4                                      LED_SendDataC(love[i*2]);
  86   4                                      LED_SendDataB(love[i*2+1]);
  87   4      //                              LED_SendDataC(love[(i*2) % sizeof(love)]);
  88   4      //                              LED_SendDataB(love[(i*2+1) % sizeof(love)]);
  89   4                                      OEB = OEC = 0;
  90   4                                      delay(1);
  91   4                                      OEB = OEC = 1;
  92   4                                      if(BIT_timeout)
  93   4                                      {
  94   5                                              //如果没有显示完一圈的数据 回到起点了
  95   5                                              //直接跳出 就不会出现头吃尾的现象 而且盲点很小
  96   5                                              break;
  97   5                                      }
  98   4                              }
  99   3                      }
 100   2                      
 101   2                      
 102   2      /*              
 103   2                      if(KEY == 0)    //红外接收管，判断起始位
 104   2                      {
 105   2                              j++;
 106   2                              if(j > 10 * 16)         //显示完15个字之后重新开始
 107   2                              {
 108   2                                      j = 0;
 109   2                              }
 110   2                              
 111   2                              for(i = j;i< 160+j;i++)
 112   2                              {
 113   2                                      LED_SendDataC(love[i*2]);
 114   2                                      LED_SendDataB(love[i*2+1]);
 115   2                                      LED_SendDataA(0xFF);
 116   2                                      
C51 COMPILER V9.53.0.0   TEXT                                                              09/20/2016 17:30:36 PAGE 3   

 117   2                                      OEA=OEB=OEC=0;
 118   2                      delayNus(170);  //延时让LED亮起来 每列延时的时间
 119   2                      OEA=OEB=OEC=1;
 120   2                              }
 121   2                              
 122   2                      }
 123   2      */
 124   2              }
 125   1              
 126   1      }
 127          


MODULE INFORMATION:   STATIC OVERLAYABLE
   CODE SIZE        =    198    ----
   CONSTANT SIZE    =    352    ----
   XDATA SIZE       =   ----       4
   PDATA SIZE       =   ----    ----
   DATA SIZE        =   ----    ----
   IDATA SIZE       =   ----    ----
   BIT SIZE         =      1    ----
END OF MODULE INFORMATION.


C51 COMPILATION COMPLETE.  0 WARNING(S),  0 ERROR(S)
