C51 COMPILER V9.00   TIMER                                                                 09/19/2016 23:14:03 PAGE 1   


C51 COMPILER V9.00, COMPILATION OF MODULE TIMER
OBJECT MODULE PLACED IN .\out\timer.obj
COMPILER INVOKED BY: D:\Keil\C51\BIN\C51.EXE src\timer.c LARGE BROWSE INCDIR(.\inc) DEBUG OBJECTEXTEND PRINT(.\list\time
                    -r.lst) OBJECT(.\out\timer.obj)

line level    source

   1          //定时器0和定时器1的
   2          
   3          #include "includes.h"
   4          
   5          //定时器0 模式1 10ms 18.432MHz  12T
   6          unsigned char Timer0_H = 0xC4;
   7          unsigned char Timer0_L = 0x00;
   8          
   9          volatile unsigned int T_Count0 = 0;
  10          
  11          
  12          
  13          void Timer0Init(void)           //1ms@18.432MHz
  14          {
  15   1              AUXR &= 0x7F;           //定时器时钟设置为12T模式
  16   1              TMOD &= 0xF0;           //清空定时器0的模式设置位
  17   1              TMOD |= 0x01;           //设置定时器0为工作模式1
  18   1              TL0 = Timer0_L;         //设置定时器初始值
  19   1              TH0 = Timer0_H;         //设置定时器初始值
  20   1              TF0 = 0;                        //清除TF0中断标志
  21   1              ET0 = 1;                        //允许定时器0的溢出中断
  22   1              
  23   1      //      EA = 1;                 //总中断
  24   1              TR0 = 1;                        //定时器0开始计数
  25   1      }
  26          
  27          
  28          void Timer0IntServer(void) interrupt 1
  29          {
  30   1              TL0 = Timer0_L;         //设置定时器初始值
  31   1              TH0 = Timer0_H;         //设置定时器初始值
  32   1              
  33   1              T_Count0++;
  34   1      }
  35          
  36          
  37          //如果串口不使用定时器1 就做为八位自动重装定时器使用
  38          #ifndef USRT_USE_TIMER1 
  39          
  40          //定时器1 模式2 166.67us 18.432MHz 12T
  41          unsigned char Timer1_H = 0x00;
  42          unsigned char Timer1_L = 0x00;
  43          
  44          // volatile unsigned int T_Count1 = 0;
  45          volatile unsigned char T1_CNT;
  46          unsigned char T1_CNT_bk;
  47          
  48          void Timer1Init(void)
  49          {
  50   1              AUXR &= 0xBF;           //定时器1时钟设置为12T模式
  51   1              TMOD &= 0x0F;           //清空定时器1的模式设置位
  52   1              TMOD |= 0x20;           //设置定时器1为工作模式2
  53   1              TL1= Timer1_L;          //设置定时器初始值
  54   1              TH1 = TL1;                      //设置定时器重装初始值
C51 COMPILER V9.00   TIMER                                                                 09/19/2016 23:14:03 PAGE 2   

  55   1              TF1 = 0;                        //清除TF1中断标志
  56   1              ET1 = 1;                        //允许定时器1的溢出中断
  57   1              
  58   1              TR1 = 0;                        //定时器1停止计数
  59   1      }
  60          
  61          //定时器1的中断服务函数
  62          void Timer_Routine(void) interrupt 3 using 2
  63          {
  64   1              if(T1_CNT++ > TimeOut_cnt)
  65   1              {
  66   2                      TimeOut = 1;
  67   2              }
  68   1      }
  69          
  70          
  71          
  72          #endif
  73          
  74          
  75          
  76          


MODULE INFORMATION:   STATIC OVERLAYABLE
   CODE SIZE        =    127    ----
   CONSTANT SIZE    =   ----    ----
   XDATA SIZE       =      8    ----
   PDATA SIZE       =   ----    ----
   DATA SIZE        =   ----    ----
   IDATA SIZE       =   ----    ----
   BIT SIZE         =   ----    ----
END OF MODULE INFORMATION.


C51 COMPILATION COMPLETE.  0 WARNING(S),  0 ERROR(S)
