C51 COMPILER V9.00   WATDOG                                                                09/12/2016 16:50:32 PAGE 1   


C51 COMPILER V9.00, COMPILATION OF MODULE WATDOG
OBJECT MODULE PLACED IN .\out\watDog.obj
COMPILER INVOKED BY: D:\Keil\C51\BIN\C51.EXE src\watDog.c BROWSE INCDIR(.\inc) DEBUG OBJECTEXTEND PRINT(.\list\watDog.ls
                    -t) OBJECT(.\out\watDog.obj)

line level    source

   1          
   2          #include "includes.h"
   3          
   4          
   5          //启动看门狗
   6          void WDT_Start(void)
   7          {
   8   1              WDT_CONTR |= 0x20;              //EN_WDT = 1,启动开门狗
   9   1      }
  10          
  11          //停止看门狗
  12          void WDT_Stop(void)
  13          {
  14   1              WDT_CONTR &= 0xDF;              //EN_WDT = 0,停止看门狗
  15   1      }
  16          
  17          //清看门狗溢出标志
  18          void WDT_ClrFlag(void)
  19          {
  20   1              WDT_CONTR &= 0x7F;              //清看门狗溢出标志位
  21   1      }
  22          
  23          
  24          //喂狗，重新计数
  25          void WDT_Feed(void)
  26          {
  27   1              WDT_CONTR |= 0x10;              //CLR_WDT = 1 ,重新计数
  28   1      }
  29          
  30          void WDT_IDLE_Count(bit c)
  31          {
  32   1              if(c)
  33   1              {
  34   2                      WDT_CONTR |= 0x08;
  35   2              }
  36   1              else
  37   1              {
  38   2                      WDT_CONTR &= 0xF7;
  39   2              }
  40   1      }
  41          
  42          //看门狗溢出时间设置
  43          //Time = (12 * Pre-scale * 32768) / Fosc = 393216 * Pre-scale / 18432000
  44          void WDT_TimeSet(unsigned char Pre_scale)
  45          {
  46   1              switch(Pre_scale)
  47   1              {
  48   2                      //先清空预分频设置位，再设置预分频
  49   2                      case 2  :WDT_CONTR &= 0xF8;WDT_CONTR |= 0x00; break;            //溢出时间42.5ms
  50   2                      case 4  :WDT_CONTR &= 0xF8;WDT_CONTR |= 0x01; break;            //溢出时间85ms
  51   2                      case 8  :WDT_CONTR &= 0xF8;WDT_CONTR |= 0x02; break;            //溢出时间170ms
  52   2                      case 16 :WDT_CONTR &= 0xF8;WDT_CONTR |= 0x03; break;            //溢出时间340ms
  53   2                      case 32 :WDT_CONTR &= 0xF8;WDT_CONTR |= 0x04; break;            //溢出时间680ms
  54   2                      case 64 :WDT_CONTR &= 0xF8;WDT_CONTR |= 0x05; break;            //溢出时间1.36S
C51 COMPILER V9.00   WATDOG                                                                09/12/2016 16:50:32 PAGE 2   

  55   2                      case 128:WDT_CONTR &= 0xF8;WDT_CONTR |= 0x06; break;            //溢出时间2.72S
  56   2                      case 256:WDT_CONTR &= 0xF8;WDT_CONTR |= 0x07; break;            //溢出时间5.44S
  57   2                      default:break;
  58   2              }
  59   1      }
  60          
  61          //看门狗初始化
  62          //默认看门狗再空闲模式不计数
  63          void WDT_Init()
  64          {
  65   1              WDT_ClrFlag();                  //清除看门狗溢出标志
  66   1              WDT_TimeSet(128);               //128分频 溢出时间2.72S
  67   1              WDT_IDLE_Count(0);              //空闲模式不计数
  68   1              WDT_Start();                    //启动看门狗
  69   1              
  70   1      }


MODULE INFORMATION:   STATIC OVERLAYABLE
   CODE SIZE        =    127    ----
   CONSTANT SIZE    =   ----    ----
   XDATA SIZE       =   ----    ----
   PDATA SIZE       =   ----    ----
   DATA SIZE        =   ----    ----
   IDATA SIZE       =   ----    ----
   BIT SIZE         =   ----       1
END OF MODULE INFORMATION.


C51 COMPILATION COMPLETE.  0 WARNING(S),  0 ERROR(S)
