C51 COMPILER V9.53.0.0   WDT                                                               09/20/2016 14:39:31 PAGE 1   


C51 COMPILER V9.53.0.0, COMPILATION OF MODULE WDT
OBJECT MODULE PLACED IN .\out\wdt.obj
COMPILER INVOKED BY: D:\Keil_v5\C51\BIN\C51.EXE src\wdt.c LARGE OPTIMIZE(8,SPEED) BROWSE INCDIR(.\inc) DEBUG OBJECTEXTEN
                    -D PRINT(.\list\wdt.lst) OBJECT(.\out\wdt.obj)

line level    source

   1          
   2          #include "includes.h"
   3          
   4          /*
   5          //启动看门狗
   6          void WDT_Start(void)
   7          {
   8                  WDT_CONTR |= 0x20;              //EN_WDT = 1,启动开门狗
   9          }
  10          
  11          //停止看门狗
  12          void WDT_Stop(void)
  13          {
  14                  WDT_CONTR &= 0xDF;              //EN_WDT = 0,停止看门狗
  15          }
  16          
  17          //清看门狗溢出标志
  18          void WDT_ClrFlag(void)
  19          {
  20                  WDT_CONTR &= 0x7F;              //清看门狗溢出标志位
  21          }
  22          
  23          
  24          //喂狗，重新计数
  25          void WDT_Feed(void)
  26          {
  27                  WDT_CONTR |= 0x10;              //CLR_WDT = 1 ,重新计数
  28          }
  29          
  30          void WDT_IDLE_Count(bit c)
  31          {
  32                  if(c)
  33                  {
  34                          WDT_CONTR |= 0x08;
  35                  }
  36                  else
  37                  {
  38                          WDT_CONTR &= 0xF7;
  39                  }
  40          }
  41          
  42          //看门狗溢出时间设置
  43          //Time = (12 * Pre-scale * 32768) / Fosc = 393216 * Pre-scale / 18432000
  44          void WDT_TimeSet(unsigned char Pre_scale)
  45          {
  46                  switch(Pre_scale)
  47                  {
  48                          //先清空预分频设置位，再设置预分频
  49                          case 2  :WDT_CONTR &= 0xF8;WDT_CONTR |= 0x00; break;            //溢出时间42.5ms
  50                          case 4  :WDT_CONTR &= 0xF8;WDT_CONTR |= 0x01; break;            //溢出时间85ms
  51                          case 8  :WDT_CONTR &= 0xF8;WDT_CONTR |= 0x02; break;            //溢出时间170ms
  52                          case 16 :WDT_CONTR &= 0xF8;WDT_CONTR |= 0x03; break;            //溢出时间340ms
  53                          case 32 :WDT_CONTR &= 0xF8;WDT_CONTR |= 0x04; break;            //溢出时间680ms
  54                          case 64 :WDT_CONTR &= 0xF8;WDT_CONTR |= 0x05; break;            //溢出时间1.36S
C51 COMPILER V9.53.0.0   WDT                                                               09/20/2016 14:39:31 PAGE 2   

  55                          case 128:WDT_CONTR &= 0xF8;WDT_CONTR |= 0x06; break;            //溢出时间2.72S
  56                          case 256:WDT_CONTR &= 0xF8;WDT_CONTR |= 0x07; break;            //溢出时间5.44S
  57                          default:break;
  58                  }
  59          }
  60          
  61          //看门狗初始化
  62          //默认看门狗再空闲模式不计数
  63          void WDT_Init()
  64          {
  65                  WDT_ClrFlag();                  //清除看门狗溢出标志
  66                  WDT_TimeSet(128);               //128分频 溢出时间2.72S
  67                  WDT_IDLE_Count(0);              //空闲模式不计数
  68                  WDT_Start();                    //启动看门狗
  69                  
  70          }
  71          
  72          */


MODULE INFORMATION:   STATIC OVERLAYABLE
   CODE SIZE        =   ----    ----
   CONSTANT SIZE    =   ----    ----
   XDATA SIZE       =   ----    ----
   PDATA SIZE       =   ----    ----
   DATA SIZE        =   ----    ----
   IDATA SIZE       =   ----    ----
   BIT SIZE         =   ----    ----
END OF MODULE INFORMATION.


C51 COMPILATION COMPLETE.  0 WARNING(S),  0 ERROR(S)
